Welcome, Kristen Dang!

Welcome, Kristen Dang!

Input is a Synpase ID 

Getting File syn7072757 ...
> Updating annotations...
Completed. 

Getting File syn7072759 ...
> Updating annotations...
Completed. 

Getting File syn7072761 ...
> Updating annotations...
Completed. 

Getting File syn7106030 ...
> Updating annotations...
Completed. 

Getting File syn7072764 ...
> Updating annotations...
Completed. 

Getting File syn7072765 ...
> Updating annotations...
Completed. 

Getting File syn7072767 ...
> Updating annotations...
Completed. 

Getting File syn7106060 ...
> Updating annotations...
Completed. 

Getting File syn7072771 ...
> Updating annotations...
Completed. 

Getting File syn7072772 ...
> Updating annotations...
Completed. 

Getting File syn7079777 ...
> Updating annotations...
Completed. 

Getting File syn7079779 ...
> Updating annotations...
Completed. 

Getting File syn7072775 ...
> Updating annotations...
Completed. 

Getting File syn7079780 ...
> Updating annotations...
Completed. 

Getting File syn7079781 ...
> Updating annotations...
Completed. 

Getting File syn7106099 ...
> Updating annotations...
Completed. 

Getting File syn7106148 ...
> Updating annotations...
Completed. 

Getting File syn7106291 ...
> Updating annotations...
Completed. 

Getting File syn7079302 ...
> Updating annotations...
Completed. 

Getting File syn7079303 ...
> Updating annotations...
Completed. 

Getting File syn7079782 ...
> Updating annotations...
Completed. 

Getting File syn7079784 ...
> Updating annotations...
Completed. 

Getting File syn7079304 ...
> Updating annotations...
Completed. 

Getting File syn7079785 ...
> Updating annotations...
Completed. 

Getting File syn7079786 ...
> Updating annotations...
Completed. 

Getting File syn7079787 ...
> Updating annotations...
Completed. 

Getting File syn7079789 ...
> Updating annotations...
Completed. 

Getting File syn7106193 ...
> Updating annotations...
Completed. 

Getting File syn7106292 ...
> Updating annotations...
Completed. 

Getting File syn7072789 ...
> Updating annotations...
Completed. 

Getting File syn7072790 ...
> Updating annotations...
Completed. 

Getting File syn7072792 ...
> Updating annotations...
Completed. 

Getting File syn7106230 ...
> Updating annotations...
Completed. 

Getting File syn7106315 ...
> Updating annotations...
Completed. 

Getting File syn7072798 ...
> Updating annotations...
Completed. 

Getting File syn7072800 ...
> Updating annotations...
Completed. 

Getting File syn7072802 ...
> Updating annotations...
Completed. 

Getting File syn7106271 ...
> Updating annotations...
Completed. 

Getting File syn7106316 ...
> Updating annotations...
Completed. 

Getting File syn7072808 ...
> Updating annotations...
Completed. 

Getting File syn7072810 ...
> Updating annotations...
Completed. 

Getting File syn7072812 ...
> Updating annotations...
Completed. 

Getting File syn7106280 ...
> Updating annotations...
Completed. 

Getting File syn7106319 ...
> Updating annotations...
Completed. 

Getting File syn7072818 ...
> Updating annotations...
Completed. 

Getting File syn7072820 ...
> Updating annotations...
Completed. 

Getting File syn7072821 ...
> Updating annotations...
Completed. 

Getting File syn7106281 ...
> Updating annotations...
Completed. 

Getting File syn7106320 ...
> Updating annotations...
Completed. 

Getting File syn7072830 ...
> Updating annotations...
Completed. 

Getting File syn7072832 ...
> Updating annotations...
Completed. 

Getting File syn7079790 ...
> Updating annotations...
Completed. 

Getting File syn7079795 ...
> Updating annotations...
Completed. 

Getting File syn7072833 ...
> Updating annotations...
Completed. 

Getting File syn7079796 ...
> Updating annotations...
Completed. 

Getting File syn7079797 ...
> Updating annotations...
Completed. 

Getting File syn7079799 ...
> Updating annotations...
Completed. 

Getting File syn7079811 ...
> Updating annotations...
Completed. 

Getting File syn7106283 ...
> Updating annotations...
Completed. 

Getting File syn7072837 ...
> Updating annotations...
Completed. 

Getting File syn7072838 ...
> Updating annotations...
Completed. 

Getting File syn7072840 ...
> Updating annotations...
Completed. 

Getting File syn7106285 ...
> Updating annotations...
Completed. 

Getting File syn7106321 ...
> Updating annotations...
Completed. 

Getting File syn7072845 ...
> Updating annotations...
Completed. 

Getting File syn7072847 ...
> Updating annotations...
Completed. 

Getting File syn7072849 ...
> Updating annotations...
Completed. 

Getting File syn7106324 ...
> Updating annotations...
Completed. 

Getting File syn7072853 ...
> Updating annotations...
Completed. 

Getting File syn7072855 ...
> Updating annotations...
Completed. 

Getting File syn7072859 ...
> Updating annotations...
Completed. 

Getting File syn7106286 ...
> Updating annotations...
Completed. 

Getting File syn7106326 ...
> Updating annotations...
Completed. 

Getting File syn7072867 ...
> Updating annotations...
Completed. 

Getting File syn7072870 ...
> Updating annotations...
Completed. 

Getting File syn7072873 ...
> Updating annotations...
Completed. 

Getting File syn7106327 ...
> Updating annotations...
Completed. 

Getting File syn7072876 ...
> Updating annotations...
Completed. 

Getting File syn7072877 ...
> Updating annotations...
Completed. 

Getting File syn7079812 ...
> Updating annotations...
Completed. 

Getting File syn7072879 ...
> Updating annotations...
Completed. 

Getting File syn7079813 ...
> Updating annotations...
Completed. 

Getting File syn7079815 ...
> Updating annotations...
Completed. 

Getting File syn7079816 ...
> Updating annotations...
Completed. 

Getting File syn7079817 ...
> Updating annotations...
Completed. 

Getting File syn7106287 ...
> Updating annotations...
Completed. 

Getting File syn7106330 ...
> Updating annotations...
Completed. 

Getting File syn7072885 ...
> Updating annotations...
Completed. 

Getting File syn7072888 ...
> Updating annotations...
Completed. 

Getting File syn7072891 ...
> Updating annotations...
Completed. 

Getting File syn7106288 ...
> Updating annotations...
Completed. 

Getting File syn7106333 ...
> Updating annotations...
Completed. 

Getting File syn7072898 ...
> Updating annotations...
Completed. 

Getting File syn7072902 ...
> Updating annotations...
Completed. 

Getting File syn7072905 ...
> Updating annotations...
Completed. 

Getting File syn7106290 ...
> Updating annotations...
Completed. 

Getting File syn7106334 ...
> Updating annotations...
Completed. 

Welcome, Kristen Dang!

Welcome, Kristen Dang!

Check annotations against common dictionary. 

Getting file syn7072757 ...
Checking...
Pass.

Getting file syn7072759 ...
Checking...
Pass.

Getting file syn7072761 ...
Checking...
Pass.

Getting file syn7106030 ...
Checking...
Pass.

Getting file syn7072764 ...
Checking...
Pass.

Getting file syn7072765 ...
Checking...
Pass.

Getting file syn7072767 ...
Checking...
Pass.

Getting file syn7106060 ...
Checking...
Pass.

Getting file syn7072771 ...
Checking...
Pass.

Getting file syn7072772 ...
Checking...
Pass.

Getting file syn7079777 ...
Checking...
Pass.

Getting file syn7079779 ...
Checking...
Pass.

Getting file syn7072775 ...
Checking...
Pass.

Getting file syn7079780 ...
Checking...
Pass.

Getting file syn7079781 ...
Checking...
Pass.

Getting file syn7106099 ...
Checking...
Pass.

Getting file syn7106148 ...
Checking...
Pass.

Getting file syn7106291 ...
Checking...
Pass.

Getting file syn7079302 ...
Checking...
Pass.

Getting file syn7079303 ...
Checking...
Pass.

Getting file syn7079782 ...
Checking...
Pass.

Getting file syn7079784 ...
Checking...
Pass.

Getting file syn7079304 ...
Checking...
Pass.

Getting file syn7079785 ...
Checking...
Pass.

Getting file syn7079786 ...
Checking...
Pass.

Getting file syn7079787 ...
Checking...
Pass.

Getting file syn7079789 ...
Checking...
Pass.

Getting file syn7106193 ...
Checking...
Pass.

Getting file syn7106292 ...
Checking...
Pass.

Getting file syn7072789 ...
Checking...
Pass.

Getting file syn7072790 ...
Checking...
Pass.

Getting file syn7072792 ...
Checking...
Pass.

Getting file syn7106230 ...
Checking...
Pass.

Getting file syn7106315 ...
Checking...
Pass.

Getting file syn7072798 ...
Checking...
Pass.

Getting file syn7072800 ...
Checking...
Pass.

Getting file syn7072802 ...
Checking...
Pass.

Getting file syn7106271 ...
Checking...
Pass.

Getting file syn7106316 ...
Checking...
Pass.

Getting file syn7072808 ...
Checking...
Pass.

Getting file syn7072810 ...
Checking...
Pass.

Getting file syn7072812 ...
Checking...
Pass.

Getting file syn7106280 ...
Checking...
Pass.

Getting file syn7106319 ...
Checking...
Pass.

Getting file syn7072818 ...
Checking...
Pass.

Getting file syn7072820 ...
Checking...
Pass.

Getting file syn7072821 ...
Checking...
Pass.

Getting file syn7106281 ...
Checking...
Pass.

Getting file syn7106320 ...
Checking...
Pass.

Getting file syn7072830 ...
Checking...
Pass.

Getting file syn7072832 ...
Checking...
Pass.

Getting file syn7079790 ...
Checking...
Pass.

Getting file syn7079795 ...
Checking...
Pass.

Getting file syn7072833 ...
Checking...
Pass.

Getting file syn7079796 ...
Checking...
Pass.

Getting file syn7079797 ...
Checking...
Pass.

Getting file syn7079799 ...
Checking...
Pass.

Getting file syn7079811 ...
Checking...
Pass.

Getting file syn7106283 ...
Checking...
Pass.

Getting file syn7072837 ...
Checking...
Pass.

Getting file syn7072838 ...
Checking...
Pass.

Getting file syn7072840 ...
Checking...
Pass.

Getting file syn7106285 ...
Checking...
Pass.

Getting file syn7106321 ...
Checking...
Pass.

Getting file syn7072845 ...
Checking...
Pass.

Getting file syn7072847 ...
Checking...
Pass.

Getting file syn7072849 ...
Checking...
Pass.

Getting file syn7106324 ...
Checking...
Pass.

Getting file syn7072853 ...
Checking...
Pass.

Getting file syn7072855 ...
Checking...
Pass.

Getting file syn7072859 ...
Checking...
Pass.

Getting file syn7106286 ...
Checking...
Pass.

Getting file syn7106326 ...
Checking...
Pass.

Getting file syn7072867 ...
Checking...
Pass.

Getting file syn7072870 ...
Checking...
Pass.

Getting file syn7072873 ...
Checking...
Pass.

Getting file syn7106327 ...
Checking...
Pass.

Getting file syn7072876 ...
Checking...
Pass.

Getting file syn7072877 ...
Checking...
Pass.

Getting file syn7079812 ...
Checking...
Pass.

Getting file syn7072879 ...
Checking...
Pass.

Getting file syn7079813 ...
Checking...
Pass.

Getting file syn7079815 ...
Checking...
Pass.

Getting file syn7079816 ...
Checking...
Pass.

Getting file syn7079817 ...
Checking...
Pass.

Getting file syn7106287 ...
Checking...
Pass.

Getting file syn7106330 ...
Checking...
Pass.

Getting file syn7072885 ...
Checking...
Pass.

Getting file syn7072888 ...
Checking...
Pass.

Getting file syn7072891 ...
Checking...
Pass.

Getting file syn7106288 ...
Checking...
Pass.

Getting file syn7106333 ...
Checking...
Pass.

Getting file syn7072898 ...
Checking...
Pass.

Getting file syn7072902 ...
Checking...
Pass.

Getting file syn7072905 ...
Checking...
Pass.

Getting file syn7106290 ...
Checking...
Pass.

Getting file syn7106334 ...
Checking...
Pass.

Welcome, Kristen Dang!

Welcome, Kristen Dang!

Welcome, Kristen Dang!

Welcome, Kristen Dang!

Welcome, Kristen Dang!

Welcome, Kristen Dang!

Getting File syn7072757 ...
Checking fileType...
>Passed!

Getting File syn7072759 ...
Checking fileType...
>Passed!

Getting File syn7072761 ...
Checking fileType...
>Passed!

Getting File syn7106030 ...
Checking fileType...
>Passed!

Getting File syn7072764 ...
Checking fileType...
>Passed!

Getting File syn7072765 ...
Checking fileType...
>Passed!

Getting File syn7072767 ...
Checking fileType...
>Passed!

Getting File syn7106060 ...
Checking fileType...
>Passed!

Getting File syn7072771 ...
Checking fileType...
>Passed!

Getting File syn7072772 ...
Checking fileType...
>Passed!

Getting File syn7079777 ...
Checking fileType...
>Passed!

Getting File syn7079779 ...
Checking fileType...
>Passed!

Getting File syn7072775 ...
Checking fileType...
>Passed!

Getting File syn7079780 ...
Checking fileType...
>Passed!

Getting File syn7079781 ...
Checking fileType...
>Passed!

Getting File syn7106099 ...
Checking fileType...
>Passed!

Getting File syn7106148 ...
Checking fileType...
>Passed!

Getting File syn7106291 ...
Checking fileType...
>Passed!

Getting File syn7079302 ...
Checking fileType...
>Passed!

Getting File syn7079303 ...
Checking fileType...
>Passed!

Getting File syn7079782 ...
Checking fileType...
>Passed!

Getting File syn7079784 ...
Checking fileType...
>Passed!

Getting File syn7079304 ...
Checking fileType...
>Passed!

Getting File syn7079785 ...
Checking fileType...
>Passed!

Getting File syn7079786 ...
Checking fileType...
>Passed!

Getting File syn7079787 ...
Checking fileType...
>Passed!

Getting File syn7079789 ...
Checking fileType...
>Passed!

Getting File syn7106193 ...
Checking fileType...
>Passed!

Getting File syn7106292 ...
Checking fileType...
>Passed!

Getting File syn7072789 ...
Checking fileType...
>Passed!

Getting File syn7072790 ...
Checking fileType...
>Passed!

Getting File syn7072792 ...
Checking fileType...
>Passed!

Getting File syn7106230 ...
Checking fileType...
>Passed!

Getting File syn7106315 ...
Checking fileType...
>Passed!

Getting File syn7072798 ...
Checking fileType...
>Passed!

Getting File syn7072800 ...
Checking fileType...
>Passed!

Getting File syn7072802 ...
Checking fileType...
>Passed!

Getting File syn7106271 ...
Checking fileType...
>Passed!

Getting File syn7106316 ...
Checking fileType...
>Passed!

Getting File syn7072808 ...
Checking fileType...
>Passed!

Getting File syn7072810 ...
Checking fileType...
>Passed!

Getting File syn7072812 ...
Checking fileType...
>Passed!

Getting File syn7106280 ...
Checking fileType...
>Passed!

Getting File syn7106319 ...
Checking fileType...
>Passed!

Getting File syn7072818 ...
Checking fileType...
>Passed!

Getting File syn7072820 ...
Checking fileType...
>Passed!

Getting File syn7072821 ...
Checking fileType...
>Passed!

Getting File syn7106281 ...
Checking fileType...
>Passed!

Getting File syn7106320 ...
Checking fileType...
>Passed!

Getting File syn7072830 ...
Checking fileType...
>Passed!

Getting File syn7072832 ...
Checking fileType...
>Passed!

Getting File syn7079790 ...
Checking fileType...
>Passed!

Getting File syn7079795 ...
Checking fileType...
>Passed!

Getting File syn7072833 ...
Checking fileType...
>Passed!

Getting File syn7079796 ...
Checking fileType...
>Passed!

Getting File syn7079797 ...
Checking fileType...
>Passed!

Getting File syn7079799 ...
Checking fileType...
>Passed!

Getting File syn7079811 ...
Checking fileType...
>Passed!

Getting File syn7106283 ...
Checking fileType...
>Passed!

Getting File syn7072837 ...
Checking fileType...
>Passed!

Getting File syn7072838 ...
Checking fileType...
>Passed!

Getting File syn7072840 ...
Checking fileType...
>Passed!

Getting File syn7106285 ...
Checking fileType...
>Passed!

Getting File syn7106321 ...
Checking fileType...
>Passed!

Getting File syn7072845 ...
Checking fileType...
>Passed!

Getting File syn7072847 ...
Checking fileType...
>Passed!

Getting File syn7072849 ...
Checking fileType...
>Passed!

Getting File syn7106324 ...
Checking fileType...
>Passed!

Getting File syn7072853 ...
Checking fileType...
>Passed!

Getting File syn7072855 ...
Checking fileType...
>Passed!

Getting File syn7072859 ...
Checking fileType...
>Passed!

Getting File syn7106286 ...
Checking fileType...
>Passed!

Getting File syn7106326 ...
Checking fileType...
>Passed!

Getting File syn7072867 ...
Checking fileType...
>Passed!

Getting File syn7072870 ...
Checking fileType...
>Passed!

Getting File syn7072873 ...
Checking fileType...
>Passed!

Getting File syn7106327 ...
Checking fileType...
>Passed!

Getting File syn7072876 ...
Checking fileType...
>Passed!

Getting File syn7072877 ...
Checking fileType...
>Passed!

Getting File syn7079812 ...
Checking fileType...
>Passed!

Getting File syn7072879 ...
Checking fileType...
>Passed!

Getting File syn7079813 ...
Checking fileType...
>Passed!

Getting File syn7079815 ...
Checking fileType...
>Passed!

Getting File syn7079816 ...
Checking fileType...
>Passed!

Getting File syn7079817 ...
Checking fileType...
>Passed!

Getting File syn7106287 ...
Checking fileType...
>Passed!

Getting File syn7106330 ...
Checking fileType...
>Passed!

Getting File syn7072885 ...
Checking fileType...
>Passed!

Getting File syn7072888 ...
Checking fileType...
>Passed!

Getting File syn7072891 ...
Checking fileType...
>Passed!

Getting File syn7106288 ...
Checking fileType...
>Passed!

Getting File syn7106333 ...
Checking fileType...
>Passed!

Getting File syn7072898 ...
Checking fileType...
>Passed!

Getting File syn7072902 ...
Checking fileType...
>Passed!

Getting File syn7072905 ...
Checking fileType...
>Passed!

Getting File syn7106290 ...
Checking fileType...
>Passed!

Getting File syn7106334 ...
Checking fileType...
>Passed!

incorrect: 0
missingInDict: 0
missingInAnno: 0

Welcome, Kristen Dang!

Welcome, Kristen Dang!

Welcome, Kristen Dang!

Welcome, Kristen Dang!

Check annotations against metadata.

Getting File syn7072757 ...
Checking annotations against metadata...
missing metadata

Getting File syn7072759 ...
Checking annotations against metadata...
missing metadata

Getting File syn7072761 ...
Checking annotations against metadata...
missing metadata

Getting File syn7106030 ...
Checking annotations against metadata...
missing metadata

Getting File syn7072764 ...
Checking annotations against metadata...
missing metadata

Getting File syn7072765 ...
Checking annotations against metadata...
missing metadata

Getting File syn7072767 ...
Checking annotations against metadata...
missing metadata

Getting File syn7106060 ...
Checking annotations against metadata...
missing metadata

Getting File syn7072771 ...
Checking annotations against metadata...
missing metadata

Getting File syn7072772 ...
Checking annotations against metadata...
missing metadata

Getting File syn7079777 ...
Checking annotations against metadata...
missing metadata

Getting File syn7079779 ...
Checking annotations against metadata...
missing metadata

Getting File syn7072775 ...
Checking annotations against metadata...
missing metadata

Getting File syn7079780 ...
Checking annotations against metadata...
missing metadata

Getting File syn7079781 ...
Checking annotations against metadata...
missing metadata

Getting File syn7106099 ...
Checking annotations against metadata...
missing metadata

Getting File syn7106148 ...
Checking annotations against metadata...
missing metadata

Getting File syn7106291 ...
Checking annotations against metadata...
missing metadata

Getting File syn7079302 ...
Checking annotations against metadata...
missing metadata

Getting File syn7079303 ...
Checking annotations against metadata...
missing metadata

Getting File syn7079782 ...
Checking annotations against metadata...
missing metadata

Getting File syn7079784 ...
Checking annotations against metadata...
missing metadata

Getting File syn7079304 ...
Checking annotations against metadata...
missing metadata

Getting File syn7079785 ...
Checking annotations against metadata...
missing metadata

Getting File syn7079786 ...
Checking annotations against metadata...
missing metadata

Getting File syn7079787 ...
Checking annotations against metadata...
missing metadata

Getting File syn7079789 ...
Checking annotations against metadata...
missing metadata

Getting File syn7106193 ...
Checking annotations against metadata...
missing metadata

Getting File syn7106292 ...
Checking annotations against metadata...
missing metadata

Getting File syn7072789 ...
Checking annotations against metadata...
missing metadata

Getting File syn7072790 ...
Checking annotations against metadata...
missing metadata

Getting File syn7072792 ...
Checking annotations against metadata...
missing metadata

Getting File syn7106230 ...
Checking annotations against metadata...
missing metadata

Getting File syn7106315 ...
Checking annotations against metadata...
missing metadata

Getting File syn7072798 ...
Checking annotations against metadata...
missing metadata

Getting File syn7072800 ...
Checking annotations against metadata...
missing metadata

Getting File syn7072802 ...
Checking annotations against metadata...
missing metadata

Getting File syn7106271 ...
Checking annotations against metadata...
missing metadata

Getting File syn7106316 ...
Checking annotations against metadata...
missing metadata

Getting File syn7072808 ...
Checking annotations against metadata...
missing metadata

Getting File syn7072810 ...
Checking annotations against metadata...
missing metadata

Getting File syn7072812 ...
Checking annotations against metadata...
missing metadata

Getting File syn7106280 ...
Checking annotations against metadata...
missing metadata

Getting File syn7106319 ...
Checking annotations against metadata...
missing metadata

Getting File syn7072818 ...
Checking annotations against metadata...
missing metadata

Getting File syn7072820 ...
Checking annotations against metadata...
missing metadata

Getting File syn7072821 ...
Checking annotations against metadata...
missing metadata

Getting File syn7106281 ...
Checking annotations against metadata...
missing metadata

Getting File syn7106320 ...
Checking annotations against metadata...
missing metadata

Getting File syn7072830 ...
Checking annotations against metadata...
missing metadata

Getting File syn7072832 ...
Checking annotations against metadata...
missing metadata

Getting File syn7079790 ...
Checking annotations against metadata...
missing metadata

Getting File syn7079795 ...
Checking annotations against metadata...
missing metadata

Getting File syn7072833 ...
Checking annotations against metadata...
missing metadata

Getting File syn7079796 ...
Checking annotations against metadata...
missing metadata

Getting File syn7079797 ...
Checking annotations against metadata...
missing metadata

Getting File syn7079799 ...
Checking annotations against metadata...
missing metadata

Getting File syn7079811 ...
Checking annotations against metadata...
missing metadata

Getting File syn7106283 ...
Checking annotations against metadata...
missing metadata

Getting File syn7072837 ...
Checking annotations against metadata...
missing metadata

Getting File syn7072838 ...
Checking annotations against metadata...
missing metadata

Getting File syn7072840 ...
Checking annotations against metadata...
missing metadata

Getting File syn7106285 ...
Checking annotations against metadata...
missing metadata

Getting File syn7106321 ...
Checking annotations against metadata...
missing metadata

Getting File syn7072845 ...
Checking annotations against metadata...
missing metadata

Getting File syn7072847 ...
Checking annotations against metadata...
missing metadata

Getting File syn7072849 ...
Checking annotations against metadata...
missing metadata

Getting File syn7106324 ...
Checking annotations against metadata...
missing metadata

Getting File syn7072853 ...
Checking annotations against metadata...
missing metadata

Getting File syn7072855 ...
Checking annotations against metadata...
missing metadata

Getting File syn7072859 ...
Checking annotations against metadata...
missing metadata

Getting File syn7106286 ...
Checking annotations against metadata...
missing metadata

Getting File syn7106326 ...
Checking annotations against metadata...
missing metadata

Getting File syn7072867 ...
Checking annotations against metadata...
missing metadata

Getting File syn7072870 ...
Checking annotations against metadata...
missing metadata

Getting File syn7072873 ...
Checking annotations against metadata...
missing metadata

Getting File syn7106327 ...
Checking annotations against metadata...
missing metadata

Getting File syn7072876 ...
Checking annotations against metadata...
missing metadata

Getting File syn7072877 ...
Checking annotations against metadata...
missing metadata

Getting File syn7079812 ...
Checking annotations against metadata...
missing metadata

Getting File syn7072879 ...
Checking annotations against metadata...
missing metadata

Getting File syn7079813 ...
Checking annotations against metadata...
missing metadata

Getting File syn7079815 ...
Checking annotations against metadata...
missing metadata

Getting File syn7079816 ...
Checking annotations against metadata...
missing metadata

Getting File syn7079817 ...
Checking annotations against metadata...
missing metadata

Getting File syn7106287 ...
Checking annotations against metadata...
missing metadata

Getting File syn7106330 ...
Checking annotations against metadata...
missing metadata

Getting File syn7072885 ...
Checking annotations against metadata...
missing metadata

Getting File syn7072888 ...
Checking annotations against metadata...
missing metadata

Getting File syn7072891 ...
Checking annotations against metadata...
missing metadata

Getting File syn7106288 ...
Checking annotations against metadata...
missing metadata

Getting File syn7106333 ...
Checking annotations against metadata...
missing metadata

Getting File syn7072898 ...
Checking annotations against metadata...
missing metadata

Getting File syn7072902 ...
Checking annotations against metadata...
missing metadata

Getting File syn7072905 ...
Checking annotations against metadata...
missing metadata

Getting File syn7106290 ...
Checking annotations against metadata...
missing metadata

Getting File syn7106334 ...
Checking annotations against metadata...
missing metadata

entityMissMetadata: 97
incorrectAnnotated: 0
missingAnno: 0
Input is a Synpase ID 

Getting File syn7072757 ...
Updating annotations by metadata...
